# JRE version: Java(TM) SE Runtime Environment (8.0_241-b07) (build 1.8.0_241-b07)
# Java VM: Java HotSpot(TM) 64-Bit Server VM (25.241-b07 mixed mode windows-amd64 compressed oops)
Heap:
 PSYoungGen      total 204288K, used 75451K [0x00000000eb300000, 0x00000000fa600000, 0x0000000100000000)
  eden space 192000K, 39% used [0x00000000eb300000,0x00000000efcaede0,0x00000000f6e80000)
  from space 12288K, 0% used [0x00000000f6e80000,0x00000000f6e80000,0x00000000f7a80000)
  to   space 12288K, 0% used [0x00000000f9a00000,0x00000000f9a00000,0x00000000fa600000)
 ParOldGen       total 68096K, used 21463K [0x00000000c1800000, 0x00000000c5a80000, 0x00000000eb300000)
  object space 68096K, 31% used [0x00000000c1800000,0x00000000c2cf5e48,0x00000000c5a80000)
 Metaspace       used 59436K, capacity 62380K, committed 62640K, reserved 1103872K
  class space    used 8097K, capacity 8585K, committed 8624K, reserved 1048576K
GC Heap History (10 events):
Event: 20.411 GC heap before
{Heap before GC invocations=20 (full 2):
 PSYoungGen      total 136192K, used 129024K [0x00000000eb300000, 0x00000000f6280000, 0x0000000100000000)
  eden space 129024K, 100% used [0x00000000eb300000,0x00000000f3100000,0x00000000f3100000)
  from space 7168K, 0% used [0x00000000f3100000,0x00000000f3100000,0x00000000f3800000)
  to   space 7168K, 0% used [0x00000000f5b80000,0x00000000f5b80000,0x00000000f6280000)
 ParOldGen       total 46592K, used 12002K [0x00000000c1800000, 0x00000000c4580000, 0x00000000eb300000)
  object space 46592K, 25% used [0x00000000c1800000,0x00000000c23b8b58,0x00000000c4580000)
 Metaspace       used 39201K, capacity 41252K, committed 41520K, reserved 1085440K
  class space    used 5241K, capacity 5631K, committed 5680K, reserved 1048576K
Event: 20.421 GC heap after
Heap after GC invocations=20 (full 2):
 PSYoungGen      total 166400K, used 7136K [0x00000000eb300000, 0x00000000f6280000, 0x0000000100000000)
  eden space 159232K, 0% used [0x00000000eb300000,0x00000000eb300000,0x00000000f4e80000)
  from space 7168K, 99% used [0x00000000f5b80000,0x00000000f62781d0,0x00000000f6280000)
  to   space 8192K, 0% used [0x00000000f5280000,0x00000000f5280000,0x00000000f5a80000)
 ParOldGen       total 46592K, used 12018K [0x00000000c1800000, 0x00000000c4580000, 0x00000000eb300000)
  object space 46592K, 25% used [0x00000000c1800000,0x00000000c23bcb58,0x00000000c4580000)
 Metaspace       used 39201K, capacity 41252K, committed 41520K, reserved 1085440K
  class space    used 5241K, capacity 5631K, committed 5680K, reserved 1048576K
}
Event: 28.488 GC heap before
{Heap before GC invocations=21 (full 2):
 PSYoungGen      total 166400K, used 166368K [0x00000000eb300000, 0x00000000f6280000, 0x0000000100000000)
  eden space 159232K, 100% used [0x00000000eb300000,0x00000000f4e80000,0x00000000f4e80000)
  from space 7168K, 99% used [0x00000000f5b80000,0x00000000f62781d0,0x00000000f6280000)
  to   space 8192K, 0% used [0x00000000f5280000,0x00000000f5280000,0x00000000f5a80000)
 ParOldGen       total 46592K, used 12018K [0x00000000c1800000, 0x00000000c4580000, 0x00000000eb300000)
  object space 46592K, 25% used [0x00000000c1800000,0x00000000c23bcb58,0x00000000c4580000)
 Metaspace       used 48283K, capacity 50504K, committed 50736K, reserved 1093632K
  class space    used 6497K, capacity 6893K, committed 6960K, reserved 1048576K
Event: 28.503 GC heap after
Heap after GC invocations=21 (full 2):
 PSYoungGen      total 171520K, used 8168K [0x00000000eb300000, 0x00000000f8600000, 0x0000000100000000)
  eden space 163328K, 0% used [0x00000000eb300000,0x00000000eb300000,0x00000000f5280000)
  from space 8192K, 99% used [0x00000000f5280000,0x00000000f5a7a0d8,0x00000000f5a80000)
  to   space 11776K, 0% used [0x00000000f7a80000,0x00000000f7a80000,0x00000000f8600000)
 ParOldGen       total 46592K, used 18451K [0x00000000c1800000, 0x00000000c4580000, 0x00000000eb300000)
  object space 46592K, 39% used [0x00000000c1800000,0x00000000c2a04c90,0x00000000c4580000)
 Metaspace       used 48283K, capacity 50504K, committed 50736K, reserved 1093632K
  class space    used 6497K, capacity 6893K, committed 6960K, reserved 1048576K
}
Event: 30.727 GC heap before
{Heap before GC invocations=22 (full 2):
 PSYoungGen      total 171520K, used 171496K [0x00000000eb300000, 0x00000000f8600000, 0x0000000100000000)
  eden space 163328K, 100% used [0x00000000eb300000,0x00000000f5280000,0x00000000f5280000)
  from space 8192K, 99% used [0x00000000f5280000,0x00000000f5a7a0d8,0x00000000f5a80000)
  to   space 11776K, 0% used [0x00000000f7a80000,0x00000000f7a80000,0x00000000f8600000)
 ParOldGen       total 46592K, used 18451K [0x00000000c1800000, 0x00000000c4580000, 0x00000000eb300000)
  object space 46592K, 39% used [0x00000000c1800000,0x00000000c2a04c90,0x00000000c4580000)
 Metaspace       used 55254K, capacity 57666K, committed 57904K, reserved 1099776K
  class space    used 7522K, capacity 7962K, committed 7984K, reserved 1048576K
Event: 30.741 GC heap after
Heap after GC invocations=22 (full 2):
 PSYoungGen      total 203776K, used 7459K [0x00000000eb300000, 0x00000000f8a00000, 0x0000000100000000)
  eden space 192000K, 0% used [0x00000000eb300000,0x00000000eb300000,0x00000000f6e80000)
  from space 11776K, 63% used [0x00000000f7a80000,0x00000000f81c8f00,0x00000000f8600000)
  to   space 12288K, 0% used [0x00000000f6e80000,0x00000000f6e80000,0x00000000f7a80000)
 ParOldGen       total 46592K, used 21615K [0x00000000c1800000, 0x00000000c4580000, 0x00000000eb300000)
  object space 46592K, 46% used [0x00000000c1800000,0x00000000c2d1bf30,0x00000000c4580000)
 Metaspace       used 55254K, capacity 57666K, committed 57904K, reserved 1099776K
  class space    used 7522K, capacity 7962K, committed 7984K, reserved 1048576K
}
Event: 227.585 GC heap before
{Heap before GC invocations=23 (full 2):
 PSYoungGen      total 203776K, used 42139K [0x00000000eb300000, 0x00000000f8a00000, 0x0000000100000000)
  eden space 192000K, 18% used [0x00000000eb300000,0x00000000ed4ddd28,0x00000000f6e80000)
  from space 11776K, 63% used [0x00000000f7a80000,0x00000000f81c8f00,0x00000000f8600000)
  to   space 12288K, 0% used [0x00000000f6e80000,0x00000000f6e80000,0x00000000f7a80000)
 ParOldGen       total 46592K, used 21615K [0x00000000c1800000, 0x00000000c4580000, 0x00000000eb300000)
  object space 46592K, 46% used [0x00000000c1800000,0x00000000c2d1bf30,0x00000000c4580000)
 Metaspace       used 56693K, capacity 59036K, committed 59160K, reserved 1099776K
  class space    used 7684K, capacity 8097K, committed 8112K, reserved 1048576K
Event: 227.591 GC heap after
Heap after GC invocations=23 (full 2):
 PSYoungGen      total 204288K, used 1686K [0x00000000eb300000, 0x00000000fa600000, 0x0000000100000000)
  eden space 192000K, 0% used [0x00000000eb300000,0x00000000eb300000,0x00000000f6e80000)
  from space 12288K, 13% used [0x00000000f6e80000,0x00000000f7025b40,0x00000000f7a80000)
  to   space 12288K, 0% used [0x00000000f9a00000,0x00000000f9a00000,0x00000000fa600000)
 ParOldGen       total 46592K, used 23655K [0x00000000c1800000, 0x00000000c4580000, 0x00000000eb300000)
  object space 46592K, 50% used [0x00000000c1800000,0x00000000c2f19d70,0x00000000c4580000)
 Metaspace       used 56693K, capacity 59036K, committed 59160K, reserved 1099776K
  class space    used 7684K, capacity 8097K, committed 8112K, reserved 1048576K
}
Event: 227.591 GC heap before
{Heap before GC invocations=24 (full 3):
 PSYoungGen      total 204288K, used 1686K [0x00000000eb300000, 0x00000000fa600000, 0x0000000100000000)
  eden space 192000K, 0% used [0x00000000eb300000,0x00000000eb300000,0x00000000f6e80000)
  from space 12288K, 13% used [0x00000000f6e80000,0x00000000f7025b40,0x00000000f7a80000)
  to   space 12288K, 0% used [0x00000000f9a00000,0x00000000f9a00000,0x00000000fa600000)
 ParOldGen       total 46592K, used 23655K [0x00000000c1800000, 0x00000000c4580000, 0x00000000eb300000)
  object space 46592K, 50% used [0x00000000c1800000,0x00000000c2f19d70,0x00000000c4580000)
 Metaspace       used 56693K, capacity 59036K, committed 59160K, reserved 1099776K
  class space    used 7684K, capacity 8097K, committed 8112K, reserved 1048576K
Event: 227.859 GC heap after
Heap after GC invocations=24 (full 3):
 PSYoungGen      total 204288K, used 0K [0x00000000eb300000, 0x00000000fa600000, 0x0000000100000000)
  eden space 192000K, 0% used [0x00000000eb300000,0x00000000eb300000,0x00000000f6e80000)
  from space 12288K, 0% used [0x00000000f6e80000,0x00000000f6e80000,0x00000000f7a80000)
  to   space 12288K, 0% used [0x00000000f9a00000,0x00000000f9a00000,0x00000000fa600000)
 ParOldGen       total 68096K, used 21463K [0x00000000c1800000, 0x00000000c5a80000, 0x00000000eb300000)
  object space 68096K, 31% used [0x00000000c1800000,0x00000000c2cf5e48,0x00000000c5a80000)
 Metaspace       used 56693K, capacity 59036K, committed 59160K, reserved 1099776K
  class space    used 7684K, capacity 8097K, committed 8112K, reserved 1048576K
}

