# JRE version: Java(TM) SE Runtime Environment (8.0_241-b07) (build 1.8.0_241-b07)
# Java VM: Java HotSpot(TM) 64-Bit Server VM (25.241-b07 mixed mode windows-amd64 compressed oops)
Heap:
 PSYoungGen      total 120320K, used 8237K [0x00000000eb300000, 0x00000000f3d00000, 0x0000000100000000)
  eden space 117248K, 4% used [0x00000000eb300000,0x00000000eb80e3e0,0x00000000f2580000)
  from space 3072K, 99% used [0x00000000f3a00000,0x00000000f3cfd030,0x00000000f3d00000)
  to   space 8192K, 0% used [0x00000000f2d00000,0x00000000f2d00000,0x00000000f3500000)
 ParOldGen       total 32768K, used 22649K [0x00000000c1800000, 0x00000000c3800000, 0x00000000eb300000)
  object space 32768K, 69% used [0x00000000c1800000,0x00000000c2e1e7b8,0x00000000c3800000)
 Metaspace       used 32881K, capacity 34808K, committed 34944K, reserved 1079296K
  class space    used 4544K, capacity 4919K, committed 4992K, reserved 1048576K
GC Heap History (10 events):
Event: 2.915 GC heap before
{Heap before GC invocations=7 (full 0):
 PSYoungGen      total 71168K, used 51050K [0x00000000eb300000, 0x00000000f0000000, 0x0000000100000000)
  eden space 65024K, 70% used [0x00000000eb300000,0x00000000edfc7bc8,0x00000000ef280000)
  from space 6144K, 84% used [0x00000000ef900000,0x00000000efe12de0,0x00000000eff00000)
  to   space 6656K, 0% used [0x00000000ef280000,0x00000000ef280000,0x00000000ef900000)
 ParOldGen       total 44032K, used 6761K [0x00000000c1800000, 0x00000000c4300000, 0x00000000eb300000)
  object space 44032K, 15% used [0x00000000c1800000,0x00000000c1e9a578,0x00000000c4300000)
 Metaspace       used 20382K, capacity 21102K, committed 21248K, reserved 1067008K
  class space    used 2784K, capacity 2971K, committed 3072K, reserved 1048576K
Event: 2.928 GC heap after
Heap after GC invocations=7 (full 0):
 PSYoungGen      total 71680K, used 6654K [0x00000000eb300000, 0x00000000f4200000, 0x0000000100000000)
  eden space 65024K, 0% used [0x00000000eb300000,0x00000000eb300000,0x00000000ef280000)
  from space 6656K, 99% used [0x00000000ef280000,0x00000000ef8ffb40,0x00000000ef900000)
  to   space 8192K, 0% used [0x00000000f3a00000,0x00000000f3a00000,0x00000000f4200000)
 ParOldGen       total 44032K, used 8549K [0x00000000c1800000, 0x00000000c4300000, 0x00000000eb300000)
  object space 44032K, 19% used [0x00000000c1800000,0x00000000c2059558,0x00000000c4300000)
 Metaspace       used 20382K, capacity 21102K, committed 21248K, reserved 1067008K
  class space    used 2784K, capacity 2971K, committed 3072K, reserved 1048576K
}
Event: 2.928 GC heap before
{Heap before GC invocations=8 (full 1):
 PSYoungGen      total 71680K, used 6654K [0x00000000eb300000, 0x00000000f4200000, 0x0000000100000000)
  eden space 65024K, 0% used [0x00000000eb300000,0x00000000eb300000,0x00000000ef280000)
  from space 6656K, 99% used [0x00000000ef280000,0x00000000ef8ffb40,0x00000000ef900000)
  to   space 8192K, 0% used [0x00000000f3a00000,0x00000000f3a00000,0x00000000f4200000)
 ParOldGen       total 44032K, used 8549K [0x00000000c1800000, 0x00000000c4300000, 0x00000000eb300000)
  object space 44032K, 19% used [0x00000000c1800000,0x00000000c2059558,0x00000000c4300000)
 Metaspace       used 20382K, capacity 21102K, committed 21248K, reserved 1067008K
  class space    used 2784K, capacity 2971K, committed 3072K, reserved 1048576K
Event: 2.972 GC heap after
Heap after GC invocations=8 (full 1):
 PSYoungGen      total 71680K, used 0K [0x00000000eb300000, 0x00000000f4200000, 0x0000000100000000)
  eden space 65024K, 0% used [0x00000000eb300000,0x00000000eb300000,0x00000000ef280000)
  from space 6656K, 0% used [0x00000000ef280000,0x00000000ef280000,0x00000000ef900000)
  to   space 8192K, 0% used [0x00000000f3a00000,0x00000000f3a00000,0x00000000f4200000)
 ParOldGen       total 32768K, used 9631K [0x00000000c1800000, 0x00000000c3800000, 0x00000000eb300000)
  object space 32768K, 29% used [0x00000000c1800000,0x00000000c2167c08,0x00000000c3800000)
 Metaspace       used 20380K, capacity 21096K, committed 21248K, reserved 1067008K
  class space    used 2783K, capacity 2970K, committed 3072K, reserved 1048576K
}
Event: 3.683 GC heap before
{Heap before GC invocations=9 (full 1):
 PSYoungGen      total 71680K, used 65024K [0x00000000eb300000, 0x00000000f4200000, 0x0000000100000000)
  eden space 65024K, 100% used [0x00000000eb300000,0x00000000ef280000,0x00000000ef280000)
  from space 6656K, 0% used [0x00000000ef280000,0x00000000ef280000,0x00000000ef900000)
  to   space 8192K, 0% used [0x00000000f3a00000,0x00000000f3a00000,0x00000000f4200000)
 ParOldGen       total 32768K, used 9635K [0x00000000c1800000, 0x00000000c3800000, 0x00000000eb300000)
  object space 32768K, 29% used [0x00000000c1800000,0x00000000c2168ee8,0x00000000c3800000)
 Metaspace       used 22041K, capacity 22986K, committed 23296K, reserved 1069056K
  class space    used 3009K, capacity 3234K, committed 3328K, reserved 1048576K
Event: 3.689 GC heap after
Heap after GC invocations=9 (full 1):
 PSYoungGen      total 120320K, used 2776K [0x00000000eb300000, 0x00000000f3d00000, 0x0000000100000000)
  eden space 117248K, 0% used [0x00000000eb300000,0x00000000eb300000,0x00000000f2580000)
  from space 3072K, 90% used [0x00000000f3a00000,0x00000000f3cb6360,0x00000000f3d00000)
  to   space 8192K, 0% used [0x00000000f2d00000,0x00000000f2d00000,0x00000000f3500000)
 ParOldGen       total 32768K, used 9643K [0x00000000c1800000, 0x00000000c3800000, 0x00000000eb300000)
  object space 32768K, 29% used [0x00000000c1800000,0x00000000c216aee8,0x00000000c3800000)
 Metaspace       used 22041K, capacity 22986K, committed 23296K, reserved 1069056K
  class space    used 3009K, capacity 3234K, committed 3328K, reserved 1048576K
}
Event: 5.288 GC heap before
{Heap before GC invocations=10 (full 1):
 PSYoungGen      total 120320K, used 120024K [0x00000000eb300000, 0x00000000f3d00000, 0x0000000100000000)
  eden space 117248K, 100% used [0x00000000eb300000,0x00000000f2580000,0x00000000f2580000)
  from space 3072K, 90% used [0x00000000f3a00000,0x00000000f3cb6360,0x00000000f3d00000)
  to   space 8192K, 0% used [0x00000000f2d00000,0x00000000f2d00000,0x00000000f3500000)
 ParOldGen       total 32768K, used 9643K [0x00000000c1800000, 0x00000000c3800000, 0x00000000eb300000)
  object space 32768K, 29% used [0x00000000c1800000,0x00000000c216aee8,0x00000000c3800000)
 Metaspace       used 26006K, capacity 27250K, committed 27520K, reserved 1073152K
  class space    used 3616K, capacity 3882K, committed 3968K, reserved 1048576K
Event: 5.305 GC heap after
Heap after GC invocations=10 (full 1):
 PSYoungGen      total 125440K, used 8190K [0x00000000eb300000, 0x00000000f3d00000, 0x0000000100000000)
  eden space 117248K, 0% used [0x00000000eb300000,0x00000000eb300000,0x00000000f2580000)
  from space 8192K, 99% used [0x00000000f2d00000,0x00000000f34ff8e8,0x00000000f3500000)
  to   space 3072K, 0% used [0x00000000f3a00000,0x00000000f3a00000,0x00000000f3d00000)
 ParOldGen       total 32768K, used 13073K [0x00000000c1800000, 0x00000000c3800000, 0x00000000eb300000)
  object space 32768K, 39% used [0x00000000c1800000,0x00000000c24c4688,0x00000000c3800000)
 Metaspace       used 26006K, capacity 27250K, committed 27520K, reserved 1073152K
  class space    used 3616K, capacity 3882K, committed 3968K, reserved 1048576K
}
Event: 8.788 GC heap before
{Heap before GC invocations=11 (full 1):
 PSYoungGen      total 125440K, used 125438K [0x00000000eb300000, 0x00000000f3d00000, 0x0000000100000000)
  eden space 117248K, 100% used [0x00000000eb300000,0x00000000f2580000,0x00000000f2580000)
  from space 8192K, 99% used [0x00000000f2d00000,0x00000000f34ff8e8,0x00000000f3500000)
  to   space 3072K, 0% used [0x00000000f3a00000,0x00000000f3a00000,0x00000000f3d00000)
 ParOldGen       total 32768K, used 13073K [0x00000000c1800000, 0x00000000c3800000, 0x00000000eb300000)
  object space 32768K, 39% used [0x00000000c1800000,0x00000000c24c4688,0x00000000c3800000)
 Metaspace       used 32725K, capacity 34674K, committed 34944K, reserved 1079296K
  class space    used 4512K, capacity 4918K, committed 4992K, reserved 1048576K
Event: 8.801 GC heap after
Heap after GC invocations=11 (full 1):
 PSYoungGen      total 120320K, used 3060K [0x00000000eb300000, 0x00000000f3d00000, 0x0000000100000000)
  eden space 117248K, 0% used [0x00000000eb300000,0x00000000eb300000,0x00000000f2580000)
  from space 3072K, 99% used [0x00000000f3a00000,0x00000000f3cfd030,0x00000000f3d00000)
  to   space 8192K, 0% used [0x00000000f2d00000,0x00000000f2d00000,0x00000000f3500000)
 ParOldGen       total 32768K, used 22649K [0x00000000c1800000, 0x00000000c3800000, 0x00000000eb300000)
  object space 32768K, 69% used [0x00000000c1800000,0x00000000c2e1e7b8,0x00000000c3800000)
 Metaspace       used 32725K, capacity 34674K, committed 34944K, reserved 1079296K
  class space    used 4512K, capacity 4918K, committed 4992K, reserved 1048576K
}

